<?xml version="1.0" encoding="UTF-8"?>
<!-- Generated by org.testng.reporters.JUnitXMLReporter -->
<testsuite hostname="CHINNA-D" ignored="0" name="Test" tests="10" failures="0" timestamp="25 Aug 2021 11:40:44 GMT" time="150.83" errors="0">
  <testcase name="validateLoginTest" time="0.103" classname="flipkart.testcases.LoginPageTest"/>
  <testcase name="VerifyMyAccountTest" time="0.072" classname="flipkart.testcases.HomePageTest"/>
  <testcase name="VerifyAddToCartButtonTest" time="2.657" classname="flipkart.testcases.OppoRenoPageTest"/>
  <testcase name="VerifyMyAccountTest" time="0.192" classname="flipkart.testcases.MobilePageTest"/>
  <testcase name="verifyOrderSummaryTextTest" time="6.668" classname="flipkart.testcases.OrderSummaryPageTest"/>
  <testcase name="loginProcessTest" time="0.587" classname="flipkart.testcases.LoginPageTest"/>
  <testcase name="SearchProductTest" time="3.292" classname="flipkart.testcases.HomePageTest"/>
  <testcase name="SearchProductTest" time="4.354" classname="flipkart.testcases.OppoRenoPageTest"/>
  <testcase name="SearchProductTest" time="1.081" classname="flipkart.testcases.MobilePageTest"/>
  <testcase name="paymentTest" time="12.136" classname="flipkart.testcases.OrderSummaryPageTest"/>
</testsuite> <!-- Test -->
