<?xml version="1.0" encoding="UTF-8"?>
<!-- Generated by org.testng.reporters.JUnitXMLReporter -->
<testsuite hostname="CHINNA-D" ignored="0" name="Test" tests="10" failures="0" timestamp="24 Aug 2021 05:41:11 GMT" time="130.589" errors="0">
  <testcase name="validateLoginTest" time="0.225" classname="flipkart.testcases.LoginPageTest"/>
  <testcase name="VerifyMyAccountTest" time="0.075" classname="flipkart.testcases.HomePageTest"/>
  <testcase name="VerifyAddToCartButtonTest" time="2.813" classname="flipkart.testcases.OppoRenoPageTest"/>
  <testcase name="VerifyMyAccountTest" time="0.015" classname="flipkart.testcases.MobilePageTest"/>
  <testcase name="verifyOrderSummaryTextTest" time="3.7" classname="flipkart.testcases.OrderSummaryPageTest"/>
  <testcase name="loginProcessTest" time="0.695" classname="flipkart.testcases.LoginPageTest"/>
  <testcase name="SearchProductTest" time="3.286" classname="flipkart.testcases.HomePageTest"/>
  <testcase name="SearchProductTest" time="2.695" classname="flipkart.testcases.OppoRenoPageTest"/>
  <testcase name="SearchProductTest" time="1.26" classname="flipkart.testcases.MobilePageTest"/>
  <testcase name="paymentTest" time="6.101" classname="flipkart.testcases.OrderSummaryPageTest"/>
</testsuite> <!-- Test -->
