<?xml version="1.0" encoding="UTF-8"?>
<testng-results skipped="0" failed="0" ignored="0" total="10" passed="10">
  <reporter-output>
  </reporter-output>
  <suite name="Suite" duration-ms="150830" started-at="2021-08-25T11:38:13Z" finished-at="2021-08-25T11:40:44Z">
    <groups>
    </groups>
    <test name="Test" duration-ms="150830" started-at="2021-08-25T11:38:13Z" finished-at="2021-08-25T11:40:44Z">
      <class name="flipkart.testcases.OrderSummaryPageTest">
        <test-method status="PASS" signature="setup()[pri:0, instance:flipkart.testcases.OrderSummaryPageTest@528931cf]" name="setup" is-config="true" duration-ms="13457" started-at="2021-08-25T11:38:59Z" finished-at="2021-08-25T11:39:13Z">
          <reporter-output>
          </reporter-output>
        </test-method> <!-- setup -->
        <test-method status="PASS" signature="verifyOrderSummaryTextTest()[pri:0, instance:flipkart.testcases.OrderSummaryPageTest@528931cf]" name="verifyOrderSummaryTextTest" duration-ms="6668" started-at="2021-08-25T11:39:13Z" finished-at="2021-08-25T11:39:20Z">
          <reporter-output>
          </reporter-output>
        </test-method> <!-- verifyOrderSummaryTextTest -->
        <test-method status="PASS" signature="browserClose()[pri:0, instance:flipkart.testcases.OrderSummaryPageTest@528931cf]" name="browserClose" is-config="true" duration-ms="954" started-at="2021-08-25T11:39:20Z" finished-at="2021-08-25T11:39:21Z">
          <reporter-output>
          </reporter-output>
        </test-method> <!-- browserClose -->
        <test-method status="PASS" signature="setup()[pri:0, instance:flipkart.testcases.OrderSummaryPageTest@528931cf]" name="setup" is-config="true" duration-ms="20722" started-at="2021-08-25T11:40:10Z" finished-at="2021-08-25T11:40:31Z">
          <reporter-output>
          </reporter-output>
        </test-method> <!-- setup -->
        <test-method status="PASS" signature="paymentTest()[pri:1, instance:flipkart.testcases.OrderSummaryPageTest@528931cf]" name="paymentTest" duration-ms="12136" started-at="2021-08-25T11:40:31Z" finished-at="2021-08-25T11:40:43Z">
          <reporter-output>
          </reporter-output>
        </test-method> <!-- paymentTest -->
        <test-method status="PASS" signature="browserClose()[pri:0, instance:flipkart.testcases.OrderSummaryPageTest@528931cf]" name="browserClose" is-config="true" duration-ms="1408" started-at="2021-08-25T11:40:43Z" finished-at="2021-08-25T11:40:44Z">
          <reporter-output>
          </reporter-output>
        </test-method> <!-- browserClose -->
      </class> <!-- flipkart.testcases.OrderSummaryPageTest -->
      <class name="flipkart.testcases.MobilePageTest">
        <test-method status="PASS" signature="setup()[pri:0, instance:flipkart.testcases.MobilePageTest@5faeada1]" name="setup" is-config="true" duration-ms="11020" started-at="2021-08-25T11:38:47Z" finished-at="2021-08-25T11:38:58Z">
          <reporter-output>
          </reporter-output>
        </test-method> <!-- setup -->
        <test-method status="PASS" signature="VerifyMyAccountTest()[pri:0, instance:flipkart.testcases.MobilePageTest@5faeada1]" name="VerifyMyAccountTest" duration-ms="192" started-at="2021-08-25T11:38:58Z" finished-at="2021-08-25T11:38:59Z">
          <reporter-output>
          </reporter-output>
        </test-method> <!-- VerifyMyAccountTest -->
        <test-method status="PASS" signature="browserClose()[pri:0, instance:flipkart.testcases.MobilePageTest@5faeada1]" name="browserClose" is-config="true" duration-ms="900" started-at="2021-08-25T11:38:59Z" finished-at="2021-08-25T11:38:59Z">
          <reporter-output>
          </reporter-output>
        </test-method> <!-- browserClose -->
        <test-method status="PASS" signature="setup()[pri:0, instance:flipkart.testcases.MobilePageTest@5faeada1]" name="setup" is-config="true" duration-ms="12602" started-at="2021-08-25T11:39:55Z" finished-at="2021-08-25T11:40:08Z">
          <reporter-output>
          </reporter-output>
        </test-method> <!-- setup -->
        <test-method status="PASS" signature="SearchProductTest()[pri:1, instance:flipkart.testcases.MobilePageTest@5faeada1]" name="SearchProductTest" duration-ms="1081" started-at="2021-08-25T11:40:08Z" finished-at="2021-08-25T11:40:09Z">
          <reporter-output>
          </reporter-output>
        </test-method> <!-- SearchProductTest -->
        <test-method status="PASS" signature="browserClose()[pri:0, instance:flipkart.testcases.MobilePageTest@5faeada1]" name="browserClose" is-config="true" duration-ms="809" started-at="2021-08-25T11:40:09Z" finished-at="2021-08-25T11:40:10Z">
          <reporter-output>
          </reporter-output>
        </test-method> <!-- browserClose -->
      </class> <!-- flipkart.testcases.MobilePageTest -->
      <class name="flipkart.testcases.LoginPageTest">
        <test-method status="PASS" signature="setup()[pri:0, instance:flipkart.testcases.LoginPageTest@11438d26]" name="setup" is-config="true" duration-ms="8946" started-at="2021-08-25T11:38:13Z" finished-at="2021-08-25T11:38:22Z">
          <reporter-output>
          </reporter-output>
        </test-method> <!-- setup -->
        <test-method status="PASS" signature="validateLoginTest()[pri:0, instance:flipkart.testcases.LoginPageTest@11438d26]" name="validateLoginTest" duration-ms="103" started-at="2021-08-25T11:38:22Z" finished-at="2021-08-25T11:38:22Z">
          <reporter-output>
          </reporter-output>
        </test-method> <!-- validateLoginTest -->
        <test-method status="PASS" signature="browserClose()[pri:0, instance:flipkart.testcases.LoginPageTest@11438d26]" name="browserClose" is-config="true" duration-ms="956" started-at="2021-08-25T11:38:22Z" finished-at="2021-08-25T11:38:23Z">
          <reporter-output>
          </reporter-output>
        </test-method> <!-- browserClose -->
        <test-method status="PASS" signature="setup()[pri:0, instance:flipkart.testcases.LoginPageTest@11438d26]" name="setup" is-config="true" duration-ms="5953" started-at="2021-08-25T11:39:21Z" finished-at="2021-08-25T11:39:27Z">
          <reporter-output>
          </reporter-output>
        </test-method> <!-- setup -->
        <test-method status="PASS" signature="loginProcessTest()[pri:1, instance:flipkart.testcases.LoginPageTest@11438d26]" name="loginProcessTest" duration-ms="587" started-at="2021-08-25T11:39:27Z" finished-at="2021-08-25T11:39:27Z">
          <reporter-output>
          </reporter-output>
        </test-method> <!-- loginProcessTest -->
        <test-method status="PASS" signature="browserClose()[pri:0, instance:flipkart.testcases.LoginPageTest@11438d26]" name="browserClose" is-config="true" duration-ms="872" started-at="2021-08-25T11:39:27Z" finished-at="2021-08-25T11:39:28Z">
          <reporter-output>
          </reporter-output>
        </test-method> <!-- browserClose -->
      </class> <!-- flipkart.testcases.LoginPageTest -->
      <class name="flipkart.testcases.OppoRenoPageTest">
        <test-method status="PASS" signature="setup()[pri:0, instance:flipkart.testcases.OppoRenoPageTest@7a1ebcd8]" name="setup" is-config="true" duration-ms="10531" started-at="2021-08-25T11:38:33Z" finished-at="2021-08-25T11:38:44Z">
          <reporter-output>
          </reporter-output>
        </test-method> <!-- setup -->
        <test-method status="PASS" signature="VerifyAddToCartButtonTest()[pri:0, instance:flipkart.testcases.OppoRenoPageTest@7a1ebcd8]" name="VerifyAddToCartButtonTest" duration-ms="2657" started-at="2021-08-25T11:38:44Z" finished-at="2021-08-25T11:38:47Z">
          <reporter-output>
          </reporter-output>
        </test-method> <!-- VerifyAddToCartButtonTest -->
        <test-method status="PASS" signature="browserClose()[pri:0, instance:flipkart.testcases.OppoRenoPageTest@7a1ebcd8]" name="browserClose" is-config="true" duration-ms="787" started-at="2021-08-25T11:38:47Z" finished-at="2021-08-25T11:38:47Z">
          <reporter-output>
          </reporter-output>
        </test-method> <!-- browserClose -->
        <test-method status="PASS" signature="setup()[pri:0, instance:flipkart.testcases.OppoRenoPageTest@7a1ebcd8]" name="setup" is-config="true" duration-ms="10534" started-at="2021-08-25T11:39:39Z" finished-at="2021-08-25T11:39:50Z">
          <reporter-output>
          </reporter-output>
        </test-method> <!-- setup -->
        <test-method status="PASS" signature="SearchProductTest()[pri:1, instance:flipkart.testcases.OppoRenoPageTest@7a1ebcd8]" name="SearchProductTest" duration-ms="4354" started-at="2021-08-25T11:39:50Z" finished-at="2021-08-25T11:39:54Z">
          <reporter-output>
          </reporter-output>
        </test-method> <!-- SearchProductTest -->
        <test-method status="PASS" signature="browserClose()[pri:0, instance:flipkart.testcases.OppoRenoPageTest@7a1ebcd8]" name="browserClose" is-config="true" duration-ms="1023" started-at="2021-08-25T11:39:54Z" finished-at="2021-08-25T11:39:55Z">
          <reporter-output>
          </reporter-output>
        </test-method> <!-- browserClose -->
      </class> <!-- flipkart.testcases.OppoRenoPageTest -->
      <class name="flipkart.testcases.HomePageTest">
        <test-method status="PASS" signature="setup()[pri:0, instance:flipkart.testcases.HomePageTest@34cd072c]" name="setup" is-config="true" duration-ms="9191" started-at="2021-08-25T11:38:23Z" finished-at="2021-08-25T11:38:32Z">
          <reporter-output>
          </reporter-output>
        </test-method> <!-- setup -->
        <test-method status="PASS" signature="VerifyMyAccountTest()[pri:0, instance:flipkart.testcases.HomePageTest@34cd072c]" name="VerifyMyAccountTest" duration-ms="72" started-at="2021-08-25T11:38:32Z" finished-at="2021-08-25T11:38:33Z">
          <reporter-output>
          </reporter-output>
        </test-method> <!-- VerifyMyAccountTest -->
        <test-method status="PASS" signature="browserClose()[pri:0, instance:flipkart.testcases.HomePageTest@34cd072c]" name="browserClose" is-config="true" duration-ms="847" started-at="2021-08-25T11:38:33Z" finished-at="2021-08-25T11:38:33Z">
          <reporter-output>
          </reporter-output>
        </test-method> <!-- browserClose -->
        <test-method status="PASS" signature="setup()[pri:0, instance:flipkart.testcases.HomePageTest@34cd072c]" name="setup" is-config="true" duration-ms="7264" started-at="2021-08-25T11:39:28Z" finished-at="2021-08-25T11:39:35Z">
          <reporter-output>
          </reporter-output>
        </test-method> <!-- setup -->
        <test-method status="PASS" signature="SearchProductTest()[pri:1, instance:flipkart.testcases.HomePageTest@34cd072c]" name="SearchProductTest" duration-ms="3292" started-at="2021-08-25T11:39:35Z" finished-at="2021-08-25T11:39:39Z">
          <reporter-output>
          </reporter-output>
        </test-method> <!-- SearchProductTest -->
        <test-method status="PASS" signature="browserClose()[pri:0, instance:flipkart.testcases.HomePageTest@34cd072c]" name="browserClose" is-config="true" duration-ms="867" started-at="2021-08-25T11:39:39Z" finished-at="2021-08-25T11:39:39Z">
          <reporter-output>
          </reporter-output>
        </test-method> <!-- browserClose -->
      </class> <!-- flipkart.testcases.HomePageTest -->
    </test> <!-- Test -->
  </suite> <!-- Suite -->
</testng-results>
